<?xml version="1.0" encoding="UTF-8"?>
<testsuite name="StatisticsTest" tests="4" skipped="0" failures="0" errors="0" timestamp="2019-11-02T22:31:13" hostname="htomi" time="0.005">
  <properties/>
  <testcase name="searchReturnsNullIfNoPlayerFound" classname="StatisticsTest" time="0.002"/>
  <testcase name="returnsCorrectTopScorers" classname="StatisticsTest" time="0.0"/>
  <testcase name="returnsCorrectPlayersInTeam" classname="StatisticsTest" time="0.0"/>
  <testcase name="searchReturnsCorrectPlayer" classname="StatisticsTest" time="0.001"/>
  <system-out><![CDATA[]]></system-out>
  <system-err><![CDATA[]]></system-err>
</testsuite>
